Arguments: 
  C:\Program Files\nodejs\node.exe C:\Users\yashdesai\.yarn\releases\yarn-1.23.0-20220130.1630.cjs

PATH: 
  C:\Users\yashdesai\bin;C:\Program Files\Git\mingw64\bin;C:\Program Files\Git\usr\local\bin;C:\Program Files\Git\usr\bin;C:\Program Files\Git\usr\bin;C:\Program Files\Git\mingw64\bin;C:\Program Files\Git\usr\bin;C:\Users\yashdesai\bin;C:\Program Files\Python310\Scripts;C:\Program Files\Python310;C:\WINDOWS\system32;C:\WINDOWS;C:\WINDOWS\System32\Wbem;C:\WINDOWS\System32\WindowsPowerShell\v1.0;C:\WINDOWS\System32\OpenSSH;C:\Program Files\nodejs;C:\Program Files\Git\cmd;C:\users\yashdesai\appdata\roaming\python\python310\site-packages\pipx;C:\Users\yashdesai\AppData\Roaming\npm;C:\Users\yashdesai\AppData\Local\pnpm;C:\Users\yashdesai\AppData\Local\Microsoft\WindowsApps;C:\Users\yashdesai\AppData\Local\GitHubDesktop\bin;C:\Users\yashdesai\AppData\Local\Programs\Microsoft VS Code\bin;C:\Program Files\Git\usr\bin\vendor_perl;C:\Program Files\Git\usr\bin\core_perl

Yarn version: 
  1.23.0-20220130.1630

Node version: 
  16.15.0

Platform: 
  win32 x64

Trace: 
  Error: getaddrinfo ENOTFOUND registry.yarnpkg.com
      at GetAddrInfoReqWrap.onlookup [as oncomplete] (node:dns:71:26)

npm manifest: 
  {
    "name": "redgold-backend",
    "version": "1.0.0",
    "description": "online blood bank",
    "main": "app.js",
    "scripts": {
      "start": "node app.js"
    },
    "author": "hkm007",
    "license": "ISC",
    "dependencies": {
      "bcryptjs": "^2.4.3",
      "body-parser": "^1.19.0",
      "cors": "^2.8.5",
      "express": "^4.17.1",
      "jsonwebtoken": "^8.5.1",
      "mongoose": "^5.12.1"
    },
    "devDependencies": {
      "nodemon": "^2.0.7"
    }
  }

yarn manifest: 
  No manifest

Lockfile: 
  No lockfile
